   1              		.arch armv7e-m
   2              		.eabi_attribute 27, 1
   3              		.eabi_attribute 28, 1
   4              		.eabi_attribute 20, 1
   5              		.eabi_attribute 21, 1
   6              		.eabi_attribute 23, 3
   7              		.eabi_attribute 24, 1
   8              		.eabi_attribute 25, 1
   9              		.eabi_attribute 26, 1
  10              		.eabi_attribute 30, 4
  11              		.eabi_attribute 34, 1
  12              		.eabi_attribute 18, 4
  13              		.file	"startup.c"
  14              		.text
  15              	.Ltext0:
  16              		.cfi_sections	.debug_frame
  17              		.align	1
  18              		.global	hardware_init_hook
  19              		.arch armv7e-m
  20              		.syntax unified
  21              		.thumb
  22              		.thumb_func
  23              		.fpu fpv4-sp-d16
  24              		.type	hardware_init_hook, %function
  25              	hardware_init_hook:
  26              	.LFB0:
  27              		.file 1 "src/boot/startup.c"
   1:src/boot/startup.c **** #include<string.h>
   2:src/boot/startup.c **** 
   3:src/boot/startup.c **** typedef void (*fnptr)();
   4:src/boot/startup.c **** 
   5:src/boot/startup.c **** void hardware_init_hook() {
  28              		.loc 1 5 27 view -0
  29              		.cfi_startproc
  30              		@ args = 0, pretend = 0, frame = 0
  31              		@ frame_needed = 0, uses_anonymous_args = 0
  32              		@ link register save eliminated.
   6:src/boot/startup.c ****   extern const char __data_load__; 
  33              		.loc 1 6 3 view .LVU1
   7:src/boot/startup.c ****   extern char __data_start__;
  34              		.loc 1 7 3 view .LVU2
   8:src/boot/startup.c ****   extern char __data_end__;
  35              		.loc 1 8 3 view .LVU3
   9:src/boot/startup.c **** 
  10:src/boot/startup.c ****   memcpy(&__data_start__,&__data_load__,(&__data_end__ - &__data_start__));
  36              		.loc 1 10 3 view .LVU4
  37 0000 0248     		ldr	r0, .L2
  38 0002 034A     		ldr	r2, .L2+4
  39 0004 0349     		ldr	r1, .L2+8
  40 0006 121A     		subs	r2, r2, r0
  41 0008 FFF7FEBF 		b	memcpy
  42              	.LVL0:
  43              	.L3:
  44              		.align	2
  45              	.L2:
  46 000c 00000000 		.word	__data_start__
  47 0010 00000000 		.word	__data_end__
  48 0014 00000000 		.word	__data_load__
  49              		.cfi_endproc
  50              	.LFE0:
  51              		.size	hardware_init_hook, .-hardware_init_hook
  52              		.global	__boot_sector
  53              		.section	boot,"aw"
  54              		.align	2
  55              		.type	__boot_sector, %object
  56              		.size	__boot_sector, 8
  57              	__boot_sector:
  58 0000 00000000 		.word	__stack
  59 0004 00000000 		.word	_start
  60              		.text
  61              	.Letext0:
  62              		.file 2 "<built-in>"
  63              		.section	.debug_info,"",%progbits
  64              	.Ldebug_info0:
  65 0000 18010000 		.4byte	0x118
  66 0004 0400     		.2byte	0x4
  67 0006 00000000 		.4byte	.Ldebug_abbrev0
  68 000a 04       		.byte	0x4
  69 000b 01       		.uleb128 0x1
  70 000c 45000000 		.4byte	.LASF17
  71 0010 0C       		.byte	0xc
  72 0011 DC010000 		.4byte	.LASF18
  73 0015 19010000 		.4byte	.LASF19
  74 0019 00000000 		.4byte	.Ltext0
  75 001d 18000000 		.4byte	.Letext0-.Ltext0
  76 0021 00000000 		.4byte	.Ldebug_line0
  77 0025 02       		.uleb128 0x2
  78 0026 04       		.byte	0x4
  79 0027 05       		.byte	0x5
  80 0028 696E7400 		.ascii	"int\000"
  81 002c 03       		.uleb128 0x3
  82 002d 04       		.byte	0x4
  83 002e 07       		.byte	0x7
  84 002f 1F000000 		.4byte	.LASF0
  85 0033 03       		.uleb128 0x3
  86 0034 01       		.byte	0x1
  87 0035 06       		.byte	0x6
  88 0036 9E010000 		.4byte	.LASF1
  89 003a 03       		.uleb128 0x3
  90 003b 01       		.byte	0x1
  91 003c 08       		.byte	0x8
  92 003d 47010000 		.4byte	.LASF2
  93 0041 03       		.uleb128 0x3
  94 0042 02       		.byte	0x2
  95 0043 05       		.byte	0x5
  96 0044 C3010000 		.4byte	.LASF3
  97 0048 03       		.uleb128 0x3
  98 0049 02       		.byte	0x2
  99 004a 07       		.byte	0x7
 100 004b 8B010000 		.4byte	.LASF4
 101 004f 03       		.uleb128 0x3
 102 0050 04       		.byte	0x4
 103 0051 05       		.byte	0x5
 104 0052 6D010000 		.4byte	.LASF5
 105 0056 03       		.uleb128 0x3
 106 0057 04       		.byte	0x4
 107 0058 07       		.byte	0x7
 108 0059 F0000000 		.4byte	.LASF6
 109 005d 03       		.uleb128 0x3
 110 005e 08       		.byte	0x8
 111 005f 05       		.byte	0x5
 112 0060 00000000 		.4byte	.LASF7
 113 0064 03       		.uleb128 0x3
 114 0065 08       		.byte	0x8
 115 0066 07       		.byte	0x7
 116 0067 02010000 		.4byte	.LASF8
 117 006b 04       		.uleb128 0x4
 118 006c 04       		.byte	0x4
 119 006d 03       		.uleb128 0x3
 120 006e 01       		.byte	0x1
 121 006f 08       		.byte	0x8
 122 0070 68010000 		.4byte	.LASF9
 123 0074 05       		.uleb128 0x5
 124 0075 6D000000 		.4byte	0x6d
 125 0079 06       		.uleb128 0x6
 126 007a 04       		.byte	0x4
 127 007b 7F000000 		.4byte	0x7f
 128 007f 07       		.uleb128 0x7
 129 0080 86000000 		.4byte	0x86
 130 0084 08       		.uleb128 0x8
 131 0085 00       		.byte	0
 132 0086 09       		.uleb128 0x9
 133 0087 B7010000 		.4byte	.LASF20
 134 008b 08       		.byte	0x8
 135 008c 01       		.byte	0x1
 136 008d 0D       		.byte	0xd
 137 008e 08       		.byte	0x8
 138 008f AE000000 		.4byte	0xae
 139 0093 0A       		.uleb128 0xa
 140 0094 3C010000 		.4byte	.LASF10
 141 0098 01       		.byte	0x1
 142 0099 0E       		.byte	0xe
 143 009a 09       		.byte	0x9
 144 009b 6B000000 		.4byte	0x6b
 145 009f 00       		.byte	0
 146 00a0 0A       		.uleb128 0xa
 147 00a1 3A000000 		.4byte	.LASF11
 148 00a5 01       		.byte	0x1
 149 00a6 0F       		.byte	0xf
 150 00a7 0A       		.byte	0xa
 151 00a8 79000000 		.4byte	0x79
 152 00ac 04       		.byte	0x4
 153 00ad 00       		.byte	0
 154 00ae 0B       		.uleb128 0xb
 155 00af E8000000 		.4byte	.LASF12
 156 00b3 01       		.byte	0x1
 157 00b4 12       		.byte	0x12
 158 00b5 0D       		.byte	0xd
 159 00b6 6D000000 		.4byte	0x6d
 160 00ba 0C       		.uleb128 0xc
 161 00bb 2C000000 		.4byte	.LASF13
 162 00bf 01       		.byte	0x1
 163 00c0 15       		.byte	0x15
 164 00c1 14       		.byte	0x14
 165 00c2 86000000 		.4byte	0x86
 166 00c6 05       		.uleb128 0x5
 167 00c7 03       		.byte	0x3
 168 00c8 00000000 		.4byte	__boot_sector
 169 00cc 0D       		.uleb128 0xd
 170 00cd 55010000 		.4byte	.LASF21
 171 00d1 01       		.byte	0x1
 172 00d2 05       		.byte	0x5
 173 00d3 06       		.byte	0x6
 174 00d4 00000000 		.4byte	.LFB0
 175 00d8 18000000 		.4byte	.LFE0-.LFB0
 176 00dc 01       		.uleb128 0x1
 177 00dd 9C       		.byte	0x9c
 178 00de 10010000 		.4byte	0x110
 179 00e2 0B       		.uleb128 0xb
 180 00e3 7D010000 		.4byte	.LASF14
 181 00e7 01       		.byte	0x1
 182 00e8 06       		.byte	0x6
 183 00e9 15       		.byte	0x15
 184 00ea 74000000 		.4byte	0x74
 185 00ee 0B       		.uleb128 0xb
 186 00ef CD010000 		.4byte	.LASF15
 187 00f3 01       		.byte	0x1
 188 00f4 07       		.byte	0x7
 189 00f5 0F       		.byte	0xf
 190 00f6 6D000000 		.4byte	0x6d
 191 00fa 0B       		.uleb128 0xb
 192 00fb AA010000 		.4byte	.LASF16
 193 00ff 01       		.byte	0x1
 194 0100 08       		.byte	0x8
 195 0101 0F       		.byte	0xf
 196 0102 6D000000 		.4byte	0x6d
 197 0106 0E       		.uleb128 0xe
 198 0107 0C000000 		.4byte	.LVL0
 199 010b 10010000 		.4byte	0x110
 200 010f 00       		.byte	0
 201 0110 0F       		.uleb128 0xf
 202 0111 76010000 		.4byte	.LASF22
 203 0115 0E000000 		.4byte	.LASF23
 204 0119 02       		.byte	0x2
 205 011a 00       		.byte	0
 206 011b 00       		.byte	0
 207              		.section	.debug_abbrev,"",%progbits
 208              	.Ldebug_abbrev0:
 209 0000 01       		.uleb128 0x1
 210 0001 11       		.uleb128 0x11
 211 0002 01       		.byte	0x1
 212 0003 25       		.uleb128 0x25
 213 0004 0E       		.uleb128 0xe
 214 0005 13       		.uleb128 0x13
 215 0006 0B       		.uleb128 0xb
 216 0007 03       		.uleb128 0x3
 217 0008 0E       		.uleb128 0xe
 218 0009 1B       		.uleb128 0x1b
 219 000a 0E       		.uleb128 0xe
 220 000b 11       		.uleb128 0x11
 221 000c 01       		.uleb128 0x1
 222 000d 12       		.uleb128 0x12
 223 000e 06       		.uleb128 0x6
 224 000f 10       		.uleb128 0x10
 225 0010 17       		.uleb128 0x17
 226 0011 00       		.byte	0
 227 0012 00       		.byte	0
 228 0013 02       		.uleb128 0x2
 229 0014 24       		.uleb128 0x24
 230 0015 00       		.byte	0
 231 0016 0B       		.uleb128 0xb
 232 0017 0B       		.uleb128 0xb
 233 0018 3E       		.uleb128 0x3e
 234 0019 0B       		.uleb128 0xb
 235 001a 03       		.uleb128 0x3
 236 001b 08       		.uleb128 0x8
 237 001c 00       		.byte	0
 238 001d 00       		.byte	0
 239 001e 03       		.uleb128 0x3
 240 001f 24       		.uleb128 0x24
 241 0020 00       		.byte	0
 242 0021 0B       		.uleb128 0xb
 243 0022 0B       		.uleb128 0xb
 244 0023 3E       		.uleb128 0x3e
 245 0024 0B       		.uleb128 0xb
 246 0025 03       		.uleb128 0x3
 247 0026 0E       		.uleb128 0xe
 248 0027 00       		.byte	0
 249 0028 00       		.byte	0
 250 0029 04       		.uleb128 0x4
 251 002a 0F       		.uleb128 0xf
 252 002b 00       		.byte	0
 253 002c 0B       		.uleb128 0xb
 254 002d 0B       		.uleb128 0xb
 255 002e 00       		.byte	0
 256 002f 00       		.byte	0
 257 0030 05       		.uleb128 0x5
 258 0031 26       		.uleb128 0x26
 259 0032 00       		.byte	0
 260 0033 49       		.uleb128 0x49
 261 0034 13       		.uleb128 0x13
 262 0035 00       		.byte	0
 263 0036 00       		.byte	0
 264 0037 06       		.uleb128 0x6
 265 0038 0F       		.uleb128 0xf
 266 0039 00       		.byte	0
 267 003a 0B       		.uleb128 0xb
 268 003b 0B       		.uleb128 0xb
 269 003c 49       		.uleb128 0x49
 270 003d 13       		.uleb128 0x13
 271 003e 00       		.byte	0
 272 003f 00       		.byte	0
 273 0040 07       		.uleb128 0x7
 274 0041 15       		.uleb128 0x15
 275 0042 01       		.byte	0x1
 276 0043 01       		.uleb128 0x1
 277 0044 13       		.uleb128 0x13
 278 0045 00       		.byte	0
 279 0046 00       		.byte	0
 280 0047 08       		.uleb128 0x8
 281 0048 18       		.uleb128 0x18
 282 0049 00       		.byte	0
 283 004a 00       		.byte	0
 284 004b 00       		.byte	0
 285 004c 09       		.uleb128 0x9
 286 004d 13       		.uleb128 0x13
 287 004e 01       		.byte	0x1
 288 004f 03       		.uleb128 0x3
 289 0050 0E       		.uleb128 0xe
 290 0051 0B       		.uleb128 0xb
 291 0052 0B       		.uleb128 0xb
 292 0053 3A       		.uleb128 0x3a
 293 0054 0B       		.uleb128 0xb
 294 0055 3B       		.uleb128 0x3b
 295 0056 0B       		.uleb128 0xb
 296 0057 39       		.uleb128 0x39
 297 0058 0B       		.uleb128 0xb
 298 0059 01       		.uleb128 0x1
 299 005a 13       		.uleb128 0x13
 300 005b 00       		.byte	0
 301 005c 00       		.byte	0
 302 005d 0A       		.uleb128 0xa
 303 005e 0D       		.uleb128 0xd
 304 005f 00       		.byte	0
 305 0060 03       		.uleb128 0x3
 306 0061 0E       		.uleb128 0xe
 307 0062 3A       		.uleb128 0x3a
 308 0063 0B       		.uleb128 0xb
 309 0064 3B       		.uleb128 0x3b
 310 0065 0B       		.uleb128 0xb
 311 0066 39       		.uleb128 0x39
 312 0067 0B       		.uleb128 0xb
 313 0068 49       		.uleb128 0x49
 314 0069 13       		.uleb128 0x13
 315 006a 38       		.uleb128 0x38
 316 006b 0B       		.uleb128 0xb
 317 006c 00       		.byte	0
 318 006d 00       		.byte	0
 319 006e 0B       		.uleb128 0xb
 320 006f 34       		.uleb128 0x34
 321 0070 00       		.byte	0
 322 0071 03       		.uleb128 0x3
 323 0072 0E       		.uleb128 0xe
 324 0073 3A       		.uleb128 0x3a
 325 0074 0B       		.uleb128 0xb
 326 0075 3B       		.uleb128 0x3b
 327 0076 0B       		.uleb128 0xb
 328 0077 39       		.uleb128 0x39
 329 0078 0B       		.uleb128 0xb
 330 0079 49       		.uleb128 0x49
 331 007a 13       		.uleb128 0x13
 332 007b 3F       		.uleb128 0x3f
 333 007c 19       		.uleb128 0x19
 334 007d 3C       		.uleb128 0x3c
 335 007e 19       		.uleb128 0x19
 336 007f 00       		.byte	0
 337 0080 00       		.byte	0
 338 0081 0C       		.uleb128 0xc
 339 0082 34       		.uleb128 0x34
 340 0083 00       		.byte	0
 341 0084 03       		.uleb128 0x3
 342 0085 0E       		.uleb128 0xe
 343 0086 3A       		.uleb128 0x3a
 344 0087 0B       		.uleb128 0xb
 345 0088 3B       		.uleb128 0x3b
 346 0089 0B       		.uleb128 0xb
 347 008a 39       		.uleb128 0x39
 348 008b 0B       		.uleb128 0xb
 349 008c 49       		.uleb128 0x49
 350 008d 13       		.uleb128 0x13
 351 008e 3F       		.uleb128 0x3f
 352 008f 19       		.uleb128 0x19
 353 0090 02       		.uleb128 0x2
 354 0091 18       		.uleb128 0x18
 355 0092 00       		.byte	0
 356 0093 00       		.byte	0
 357 0094 0D       		.uleb128 0xd
 358 0095 2E       		.uleb128 0x2e
 359 0096 01       		.byte	0x1
 360 0097 3F       		.uleb128 0x3f
 361 0098 19       		.uleb128 0x19
 362 0099 03       		.uleb128 0x3
 363 009a 0E       		.uleb128 0xe
 364 009b 3A       		.uleb128 0x3a
 365 009c 0B       		.uleb128 0xb
 366 009d 3B       		.uleb128 0x3b
 367 009e 0B       		.uleb128 0xb
 368 009f 39       		.uleb128 0x39
 369 00a0 0B       		.uleb128 0xb
 370 00a1 11       		.uleb128 0x11
 371 00a2 01       		.uleb128 0x1
 372 00a3 12       		.uleb128 0x12
 373 00a4 06       		.uleb128 0x6
 374 00a5 40       		.uleb128 0x40
 375 00a6 18       		.uleb128 0x18
 376 00a7 9742     		.uleb128 0x2117
 377 00a9 19       		.uleb128 0x19
 378 00aa 01       		.uleb128 0x1
 379 00ab 13       		.uleb128 0x13
 380 00ac 00       		.byte	0
 381 00ad 00       		.byte	0
 382 00ae 0E       		.uleb128 0xe
 383 00af 898201   		.uleb128 0x4109
 384 00b2 00       		.byte	0
 385 00b3 11       		.uleb128 0x11
 386 00b4 01       		.uleb128 0x1
 387 00b5 9542     		.uleb128 0x2115
 388 00b7 19       		.uleb128 0x19
 389 00b8 31       		.uleb128 0x31
 390 00b9 13       		.uleb128 0x13
 391 00ba 00       		.byte	0
 392 00bb 00       		.byte	0
 393 00bc 0F       		.uleb128 0xf
 394 00bd 2E       		.uleb128 0x2e
 395 00be 00       		.byte	0
 396 00bf 3F       		.uleb128 0x3f
 397 00c0 19       		.uleb128 0x19
 398 00c1 3C       		.uleb128 0x3c
 399 00c2 19       		.uleb128 0x19
 400 00c3 6E       		.uleb128 0x6e
 401 00c4 0E       		.uleb128 0xe
 402 00c5 03       		.uleb128 0x3
 403 00c6 0E       		.uleb128 0xe
 404 00c7 3A       		.uleb128 0x3a
 405 00c8 0B       		.uleb128 0xb
 406 00c9 3B       		.uleb128 0x3b
 407 00ca 0B       		.uleb128 0xb
 408 00cb 00       		.byte	0
 409 00cc 00       		.byte	0
 410 00cd 00       		.byte	0
 411              		.section	.debug_aranges,"",%progbits
 412 0000 1C000000 		.4byte	0x1c
 413 0004 0200     		.2byte	0x2
 414 0006 00000000 		.4byte	.Ldebug_info0
 415 000a 04       		.byte	0x4
 416 000b 00       		.byte	0
 417 000c 0000     		.2byte	0
 418 000e 0000     		.2byte	0
 419 0010 00000000 		.4byte	.Ltext0
 420 0014 18000000 		.4byte	.Letext0-.Ltext0
 421 0018 00000000 		.4byte	0
 422 001c 00000000 		.4byte	0
 423              		.section	.debug_line,"",%progbits
 424              	.Ldebug_line0:
 425 0000 52000000 		.section	.debug_str,"MS",%progbits,1
 425      03003700 
 425      00000201 
 425      FB0E0D00 
 425      01010101 
 426              	.LASF7:
 427 0000 6C6F6E67 		.ascii	"long long int\000"
 427      206C6F6E 
 427      6720696E 
 427      7400
 428              	.LASF23:
 429 000e 5F5F6275 		.ascii	"__builtin_memcpy\000"
 429      696C7469 
 429      6E5F6D65 
 429      6D637079 
 429      00
 430              	.LASF0:
 431 001f 756E7369 		.ascii	"unsigned int\000"
 431      676E6564 
 431      20696E74 
 431      00
 432              	.LASF13:
 433 002c 5F5F626F 		.ascii	"__boot_sector\000"
 433      6F745F73 
 433      6563746F 
 433      7200
 434              	.LASF11:
 435 003a 696E6974 		.ascii	"initial_PC\000"
 435      69616C5F 
 435      504300
 436              	.LASF17:
 437 0045 474E5520 		.ascii	"GNU C99 10.3.1 20210621 (release) -mtune=cortex-m4 "
 437      43393920 
 437      31302E33 
 437      2E312032 
 437      30323130 
 438 0078 2D6D7468 		.ascii	"-mthumb -mfloat-abi=hard -mfpu=fpv4-sp-d16 -march=a"
 438      756D6220 
 438      2D6D666C 
 438      6F61742D 
 438      6162693D 
 439 00ab 726D7637 		.ascii	"rmv7e-m+fp -g -O0 -Os -std=gnu99 -fsingle-precision"
 439      652D6D2B 
 439      6670202D 
 439      67202D4F 
 439      30202D4F 
 440 00de 2D636F6E 		.ascii	"-constant\000"
 440      7374616E 
 440      7400
 441              	.LASF12:
 442 00e8 5F5F7374 		.ascii	"__stack\000"
 442      61636B00 
 443              	.LASF6:
 444 00f0 6C6F6E67 		.ascii	"long unsigned int\000"
 444      20756E73 
 444      69676E65 
 444      6420696E 
 444      7400
 445              	.LASF8:
 446 0102 6C6F6E67 		.ascii	"long long unsigned int\000"
 446      206C6F6E 
 446      6720756E 
 446      7369676E 
 446      65642069 
 447              	.LASF19:
 448 0119 2F686F6D 		.ascii	"/home/asmaelkb/ProjetSPC/TP_PROJET\000"
 448      652F6173 
 448      6D61656C 
 448      6B622F50 
 448      726F6A65 
 449              	.LASF10:
 450 013c 696E6974 		.ascii	"initial_SP\000"
 450      69616C5F 
 450      535000
 451              	.LASF2:
 452 0147 756E7369 		.ascii	"unsigned char\000"
 452      676E6564 
 452      20636861 
 452      7200
 453              	.LASF21:
 454 0155 68617264 		.ascii	"hardware_init_hook\000"
 454      77617265 
 454      5F696E69 
 454      745F686F 
 454      6F6B00
 455              	.LASF9:
 456 0168 63686172 		.ascii	"char\000"
 456      00
 457              	.LASF5:
 458 016d 6C6F6E67 		.ascii	"long int\000"
 458      20696E74 
 458      00
 459              	.LASF22:
 460 0176 6D656D63 		.ascii	"memcpy\000"
 460      707900
 461              	.LASF14:
 462 017d 5F5F6461 		.ascii	"__data_load__\000"
 462      74615F6C 
 462      6F61645F 
 462      5F00
 463              	.LASF4:
 464 018b 73686F72 		.ascii	"short unsigned int\000"
 464      7420756E 
 464      7369676E 
 464      65642069 
 464      6E7400
 465              	.LASF1:
 466 019e 7369676E 		.ascii	"signed char\000"
 466      65642063 
 466      68617200 
 467              	.LASF16:
 468 01aa 5F5F6461 		.ascii	"__data_end__\000"
 468      74615F65 
 468      6E645F5F 
 468      00
 469              	.LASF20:
 470 01b7 626F6F74 		.ascii	"boot_struct\000"
 470      5F737472 
 470      75637400 
 471              	.LASF3:
 472 01c3 73686F72 		.ascii	"short int\000"
 472      7420696E 
 472      7400
 473              	.LASF15:
 474 01cd 5F5F6461 		.ascii	"__data_start__\000"
 474      74615F73 
 474      74617274 
 474      5F5F00
 475              	.LASF18:
 476 01dc 7372632F 		.ascii	"src/boot/startup.c\000"
 476      626F6F74 
 476      2F737461 
 476      72747570 
 476      2E6300
 477              		.ident	"GCC: (15:10.3-2021.07-4) 10.3.1 20210621 (release)"
DEFINED SYMBOLS
                            *ABS*:0000000000000000 startup.c
     /tmp/cc0SjQKl.s:17     .text:0000000000000000 $t
     /tmp/cc0SjQKl.s:25     .text:0000000000000000 hardware_init_hook
     /tmp/cc0SjQKl.s:46     .text:000000000000000c $d
     /tmp/cc0SjQKl.s:57     boot:0000000000000000 __boot_sector
     /tmp/cc0SjQKl.s:54     boot:0000000000000000 $d

UNDEFINED SYMBOLS
memcpy
__data_start__
__data_end__
__data_load__
__stack
_start
